Total Instances: 691

Total Correct: 567
Total Runtime Failed: 28
Total Compilation Failed: 12
Total Test Failed: 81
Total Infinite Loop: 3

Accuracy: 82.05499276411
Runtime Rate: 4.052098408104197
Compilation Rate: 1.7366136034732274
Test Failed Rate: 11.722141823444284
Infinite Loop Rate: 0.43415340086830684

=================================================================================================
Failed Test Files: ['p03799.py', 'p00312.py', 'p03043.py', 'p03427.py', 'p00899.py', 'p03689.py', 'p01721.py', 'p00007.py', 'p03097.py', 'p03352.py', 'p02254.py', 'p03897.py', 'p02677.py', 'p04032.py', 'p03090.py', 'p02965.py', 'p02997.py', 'p01997.py', 'p03571.py', 'p03437.py', 'p03224.py', 'p04018.py', 'p03933.py', 'p03230.py', 'p02963.py', 'p01356.py', 'p03134.py', 'p03404.py', 'p00379.py', 'p03646.py', 'p03648.py', 'p03145.py', 'p04026.py', 'p03939.py', 'p00993.py', 'p03402.py', 'p03920.py', 'p02797.py', 'p00094.py', 'p02430.py', 'p02640.py', 'p03362.py', 'p02825.py', 'p03329.py', 'p02650.py', 'p02690.py', 'p03923.py', 'p03421.py', 'p03989.py', 'p03874.py', 'p03248.py', 'p01725.py', 'p03192.py', 'p03952.py', 'p03228.py', 'p03269.py', 'p00322.py', 'p03234.py', 'p03429.py', 'p02406.py', 'p00400.py', 'p02930.py', 'p02938.py', 'p02932.py', 'p01853.py', 'p03769.py', 'p03010.py', 'p02979.py', 'p02668.py', 'p02659.py', 'p01641.py', 'p02939.py', 'p03836.py', 'p00979.py', 'p03594.py', 'p02826.py', 'p02697.py', 'p03884.py', 'p03896.py', 'p02903.py', 'p02062.py'] 
Failed Test Details: ['Filename: p03799.py Actual: 2\n Generated: ', 'Filename: p03769.py Actual: 4\n1 1 1 1\n Generated: 2\n1 1 \n', 'Filename: p02979.py Actual: 7\n Generated: 0\n', 'Filename: p03010.py Actual: 0 6 15\n6 0 21\n15 21 0\n Generated: 0 1 2 \n1 0 3 \n2 3 0 \n', 'Filename: p03989.py Actual: 2\n Generated: ', 'Filename: p03920.py Actual: 1\n3\n Generated: 3\n1\n', 'Filename: p03230.py Actual: Yes\n3\n2 1 2\n2 3 1\n2 2 3\n Generated: Yes\n3\n2 1 2\n2 1 3\n2 2 3\n', 'Filename: p03836.py Actual: UURDDLLUUURRDRDDDLLU\n Generated: RUULDDDRRUUULULLDDDR\n', 'Filename: p03646.py Actual: 4\n3 3 3 3\n Generated: 50\n0 1 2 3 4 5 6 7 8 9 10 11 12 13 14 15 16 17 18 19 20 21 22 23 24 25 26 27 28 29 30 31 32 33 34 35 36 37 38 39 40 41 42 43 44 45 46 47 48 49\n', 'Filename: p00899.py Actual: 16\n Generated: ', 'Filename: p03939.py Actual: 4.500000000000000\n Generated: 4.5\n', 'Filename: p02903.py Actual: 100\n010\n001\n Generated: 011\n100\n100\n', 'Filename: p02406.py Actual:  3 6 9 12 13 15 18 21 23 24 27 30\n Generated: Enter a number: 3 6 9 12 13 15 18 21 23 24 27 30\n', 'Filename: p01997.py Actual: 33.510322\n Generated: 33.510321638291124\n', 'Filename: p03043.py Actual: 0.145833333333\n Generated: 0.145833333333333\n', 'Filename: p00322.py Actual: 1\n Generated: 0\n', 'Filename: p03689.py Actual: Yes\n1 1 1\n1 -4 1\n1 1 1\n Generated: Yes\n2 2 2\n2 -7 2\n2 2 2\n', 'Filename: p03134.py Actual: 3\n Generated: Enter a number string: 3\n', 'Filename: p03874.py Actual: FESSSSSSSTIVAL\n Generated: FESTIVALLLLLLLFESTIVAFESTIVAFESTIVAFESTIVAFESTIVAFESTIVAFESTIVAFESTIVAFESTIVAFESTIVAFESTIVAFESTIVAFESTIVAFESTIVAFESTIVAFESTIVAFESTIVAFESTIVAFESTIVAFESTIVAFESTIVAFESTIVAFESTIVAFESTIVAFESTIVAFESTIVAFESTIVAFESTIVAFESTIVAFESTIVAFESTIVAFESTIVAFESTIVAFESTIVAFESTIVAFESTIVAFESTIVAFESTIVAFESTIVAFESTIVAFESTIVAFESTIVAFESTIVAFESTIVAFESTIVAFESTIVAFESTIVAFESTIVAFESTIVAFESTIVAFESTIVAFESTIVAFESTIVAFESTIVAFESTIVAFESTIVAFESTIVAFESTIVAFESTIVAFESTIVAFESTIVAFESTIVAFESTIVAFESTIVAFESTIVAFESTIVAFESTIVAFESTIVAFESTIVAFESTIVAFESTIVAFESTIVAFESTIVAFESTIVAFESTIVAFESTIVAFESTIVAFESTIVAFESTIVAFESTIVAFESTIVAFESTIVAFESTIVAFESTIVAFESTIVAFESTIVAFESTIVAFESTIVAFESTIVAFESTIVAFESTIVAFESTIVAFESTIVAFESTIVAFESTIVAFESTIVAFESTIVAFESTIVAFESTIVAFESTIVAFESTIVAFESTIVAFESTIVAFESTIVAFESTIVAFESTIVAFESTIVAFESTIVAFESTIVAFESTIVAFESTIVAFESTIVAFESTIVAFESTIVAFESTIVAFESTIVAFESTIVAFESTIVAFESTIVAFESTIVAFESTIVAFESTIVAFESTIVAFESTIVAFESTIVAFESTIVAFESTIVAFESTIVAFESTIVAFESTIVAFESTIVAFESTIVAFESTIVAFESTIVAFESTIVAFESTIVAFESTIVAFESTIVAFESTIVAFESTIVAFESTIVAFESTIVAFESTIVAFESTIVAFESTIVAFESTIVAFESTIVAFESTIVAFESTIVAFESTIVAFESTIVAFESTIVAFESTIVAFESTIVAFESTIVAFESTIVAFESTIVAFESTIVAFESTIVAFESTIVAFESTIVAFESTIVAFESTIVAFESTIVAFESTIVAFESTIVAFESTIVAFESTIVAFESTIVAFESTIVAFESTIVAFESTIVAFESTIVAFESTIVAFESTIVAFESTIVAFESTIVAFESTIVAFESTIVAFESTIVAFESTIVAFESTIVAFESTIVAFESTIVAFESTIVAFESTIVAFESTIVAFESTIVAFESTIVAFESTIVAFESTIVAFESTIVAFESTIVAFESTIVAFESTIVAFESTIVAFESTIVAFESTIVAFESTIVAFESTIVAFESTIVAFESTIVAFESTIVAFESTIVAFESTIVAFESTIVAFESTIVAFESTIVAFESTIVAFESTIVAFESTIVAFESTIVAFESTIVAFESTIVAFESTIVAFESTIVAFESTIVAFESTIVAFESTIVAFESTIVAFESTIVAFESTIVAFESTIVAFESTIVAFESTIVAFESTIVAFESTIVAFESTIVAFESTIVAFESTIVAFESTIVAFESTIVAFESTIVAFESTIVAFESTIVAFESTIVAFESTIVAFESTIVAFESTIVAFESTIVAFESTIVAFESTIVAFESTIVAFESTIVAFESTIVAFESTIVAFESTIVAFESTIVAFESTIVAFESTIVAFESTIVAFESTIVAFESTIVAFESTIVAFESTIVAFESTIVAFESTIVAFESTIVAFESTIVAFESTIVAFESTIVAFESTIVAFESTIVAFESTIVAFESTIVAFESTIVAFESTIVAFESTIVAFESTIVAFESTIVAFESTIVAFESTIVAFESTIVAFESTIVAFESTIVAFESTIVAFESTIVAFESTIVAFESTIVAFESTIVAFESTIVAFESTIVAFESTIVAFESTIVAFESTIVAFESTIVAFESTIVAFESTIVAFESTIVAFESTIVAFESTIVAFESTIVAFESTIVAFESTIVAFESTIVAFESTIVAFESTIVAFESTIVAFESTIVAFESTIVAFESTIVAFESTIVAFESTIVAFESTIVAFESTIVAFESTIVAFESTIVAFESTIVAFESTIVAFESTIVAFESTIVAFESTIVAFESTIVAFESTIVAFESTIVAFESTIVAFESTIVAFESTIVAFESTIVAFESTIVAFESTIVAFESTIVAFESTIVAFESTIVAFESTIVAFESTIVAFESTIVAFESTIVAFESTIVAFESTIVAFESTIVAFESTIVAFESTIVAFESTIVAFESTIVAFESTIVAFESTIVAFESTIVAFESTIVAFESTIVAFESTIVAFESTIVAFESTIVAFESTIVAFESTIVAFESTIVAFESTIVAFESTIVAFESTIVAFESTIVAFESTIVAFESTIVAFESTIVAFESTIVAFESTIVAFESTIVAFESTIVAFESTIVAFESTIVAFESTIVAFESTIVAFESTIVAFESTIVAFESTIVAFESTIVAFESTIVAFESTIVAFESTIVAFESTIVAFESTIVAFESTIVAFESTIVAFESTIVAFESTIVAFESTIVAFESTIVAFESTIVAFESTIVAFESTIVAFESTIVAFESTIVAFESTIVAFESTIVAFESTIVAFESTIVAFESTIVAFESTIVAFESTIVAFESTIVAFESTIVAFESTIVAFESTIVAFESTIVAFESTIVAFESTIVAFESTIVAFESTIVAFESTIVAFESTIVAFESTIVAFESTIVAFESTIVAFESTIVAFESTIVAFESTIVAFESTIVAFESTIVAFESTIVAFESTIVAFESTIVAFESTIVAFESTIVAFESTIVAFESTIVAFESTIVAFESTIVAFESTIVAFESTIVAFESTIVAFESTIVAFESTIVAFESTIVAFESTIVAFESTIVAFESTIVAFESTIVAFESTIVAFESTIVAFESTIVAFESTIVAFESTIVAFESTIVAFESTIVAFESTIVAFESTIVAFESTIVAFESTIVAFESTIVAFESTIVAFESTIVAFESTIVAFESTIVAFESTIVAFESTIVAFESTIVAFESTIVAFESTIVAFESTIVAFESTIVAFESTIVAFESTIVAFESTIVAFESTIVAFESTIVAFESTIVAFESTIVAFESTIVAFESTIVAFESTIVAFESTIVAFESTIVAFESTIVAFESTIVAFESTIVAFESTIVAFESTIVAFESTIVAFESTIVAFESTIVAFESTIVAFESTIVAFESTIVAFESTIVAFESTIVAFESTIVAFESTIVAFESTIVAFESTIVAFESTIVAFESTIVAFESTIVAFESTIVAFESTIVAFESTIVAFESTIVAFESTIVAFESTIVAFESTIVAFESTIVAFESTIVAFESTIVAFESTIVAFESTIVAFESTIVAFESTIVAFESTIVAFESTIVAFESTIVAFESTIVAFESTIVAFESTIVAFESTIVAFESTIVAFESTIVAFESTIVAFESTIVAFESTIVAFESTIVAFESTIVAFESTIVAFESTIVAFESTIVAFESTIVAFESTIVAFESTIVAFESTIVAFESTIVAFESTIVAFESTIVAFESTIVAFESTIVAFESTIVAFESTIVAFESTIVAFESTIVAFESTIVAFESTIVAFESTIVAFESTIVAFESTIVAFESTIVAFESTIVAFESTIVAFESTIVAFESTIVAFESTIVAFESTIVAFESTIVAFESTIVAFESTIVAFESTIVAFESTIVAFESTIVAFESTIVAFESTIVAFESTIVAFESTIVAFESTIVAFESTIVAFESTIVAFESTIVAFESTIVAFESTIVAFESTIVAFESTIVAFESTIVAFESTIVAFESTIVAFESTIVAFESTIVAFESTIVAFESTIVAFESTIVAFESTIVAFESTIVAFESTIVAFESTIVAFESTIVAFESTIVAFESTIVAFESTIVAFESTIVAFESTIVAFESTIVAFESTIVAFESTIVAFESTIVAFESTIVAFESTIVAFESTIVAFESTIVAFESTIVAFESTIVAFESTIVAFESTIVAFESTIVAFESTIVAFESTIVAFESTIVAFESTIVAFESTIVAFESTIVAFESTIVAFESTIVAFESTIVAFESTIVAFESTIVAFESTIVAFESTIVA\n', 'Filename: p02677.py Actual: 5.00000000000000000000\n Generated: 5.00000000000000088818\n', 'Filename: p02963.py Actual: 1 0 2 2 0 1\n Generated: 0 0 1000000000 1 999999997 1\n', 'Filename: p03224.py Actual: Yes\n3\n2 1 2\n2 3 1\n2 2 3\n Generated: Yes\n3\n2 1 2\n2 1 3\n2 2 3\n', 'Filename: p03192.py Actual: 3\n Generated: Enter a string: 3\n', 'Filename: p02640.py Actual: Yes\n Generated: ', 'Filename: p03933.py Actual: 1.0000000000000\n Generated: 1.00000000000001\n', 'Filename: p03571.py Actual: 54\n Generated: ', 'Filename: p03234.py Actual: 5\n Generated: ', 'Filename: p01725.py Actual: 3\n Generated: ', 'Filename: p03404.py Actual: 3 3\n##.\n..#\n#.#\n Generated: 98 99\n###################################################################################################\n#.#################################################################################################\n###################################################################################################\n###################################################################################################\n###################################################################################################\n###################################################################################################\n###################################################################################################\n###################################################################################################\n###################################################################################################\n###################################################################################################\n###################################################################################################\n###################################################################################################\n###################################################################################################\n###################################################################################################\n###################################################################################################\n###################################################################################################\n###################################################################################################\n###################################################################################################\n###################################################################################################\n###################################################################################################\n###################################################################################################\n###################################################################################################\n###################################################################################################\n###################################################################################################\n###################################################################################################\n###################################################################################################\n###################################################################################################\n###################################################################################################\n###################################################################################################\n###################################################################################################\n###################################################################################################\n###################################################################################################\n###################################################################################################\n###################################################################################################\n###################################################################################################\n###################################################################################################\n###################################################################################################\n###################################################################################################\n###################################################################################################\n###################################################################################################\n###################################################################################################\n###################################################################################################\n###################################################################################################\n###################################################################################################\n###################################################################################################\n###################################################################################################\n###################################################################################################\n###################################################################################################\n###################################################################################################\n...................................................................................................\n.#.#...............................................................................................\n...................................................................................................\n...................................................................................................\n...................................................................................................\n...................................................................................................\n...................................................................................................\n...................................................................................................\n...................................................................................................\n...................................................................................................\n...................................................................................................\n...................................................................................................\n...................................................................................................\n...................................................................................................\n...................................................................................................\n...................................................................................................\n...................................................................................................\n...................................................................................................\n...................................................................................................\n...................................................................................................\n...................................................................................................\n...................................................................................................\n...................................................................................................\n...................................................................................................\n...................................................................................................\n...................................................................................................\n...................................................................................................\n...................................................................................................\n...................................................................................................\n...................................................................................................\n...................................................................................................\n...................................................................................................\n...................................................................................................\n...................................................................................................\n...................................................................................................\n...................................................................................................\n...................................................................................................\n...................................................................................................\n...................................................................................................\n...................................................................................................\n...................................................................................................\n...................................................................................................\n...................................................................................................\n...................................................................................................\n...................................................................................................\n...................................................................................................\n...................................................................................................\n...................................................................................................\n...................................................................................................\n', 'Filename: p00400.py Actual: 1\n Generated: 0\n', 'Filename: p02697.py Actual: 2 3\n Generated: ', 'Filename: p03437.py Actual: 16\n Generated: 8\n', 'Filename: p00993.py Actual: 8\n2\n3\n Generated: 2878227473193964151210430856308398226228354929501968423920456685136553712776099349346636078899534960025861581659402990611440512717013718487573812626445497768280497509063524804039445104193649465052168088277047076514851205290937971635774508875007798318245420896411109351436961333557597457355160369237682300317073276502987035553313457233440130129383437402953206290030550643063623801457476019046633493791722750170806423958802961195484828660556033240896579240658752706728264907862348557830852221739286521036114031936211843105408595859584855648706640866987167468175671634409522981853609802424835556556849145494115237844887498636222950495270702387978398134825534638767695850531157430330719677253284875599852060431218429100538515785652072898745200890893592305414960257779016880464545070595233738650055366050168731671505423415132009665899261716109034056734584327059703512555175986555395291073788614353467994770534107948289310846077064921429308705233436933291300211185846754838765299458144980563018289873935092345979377831834963634671689886867310414375435365290158278269182650960738985614792427586806290203087257738244218842088464781795932254405890796488372182828530586888418351567875790822029647198604255238916168742257249256844243377123057680180502119516966314168330326320412395355296997333648247404432338686844660564456259318374247451605990177857412631485315942218459722394957839446733897492261229624259687196991091292076211972700151392896292907375675160361097542881381658774271193225719740700521939046614233434251744624275201620450002078399736466942085368607911190960643148582051119406519913483842306953166933088238460217986403642719776555991290557445673464049092925494273495687939575511342855944525061036015857333475938720571184124046802603139655293419573173888604916285989389470212303942389969598652406286944122846582866050517154118804015976661834294151054353693254429165352759767030683026896535004517675486237972350683700014457233103465778480326407389449926454468522723563006587296721216199466998204614909707905173632969587769700575962235416810643591367026114232300538682015013505241834916870690591512902468684198026745576962013177955502731394823098603857597359265065566429942447366701198231000185784494453623427288504853444042630221209261449544886177524876908192096480664439294950564145191906205385701639044392659551541493410149549685837248793977161937544883161828430456671220167263659853805248381249720106903692675656257095217877697902251461245516610005914568086351318803244091099246990863336441716031805412209265637573316491918500520079210917531325029689671485413124392918355397589192529582248213964548924126309912081381014822783219370593136082312770698035116049327001714406583081410606019790847492263721240118824010014332027836227643898941575932977383028718561568582889737963767968770030953454924727680584785150573523509668386440701873217732101873663691812967907094494656244512381194041245568552349224447298826409266584899189200946946441181419965908678211494749680568285836648193277434535536011986158664492344254335281195272322547930017896371763000435713729982667925839823953676331261198380819572982575574069699040899417944779412257003763154769634915369921667471817028523284691085365088654592673823127223427824512328383673697903765791581162167296832703839876579342750378929750372742029243551651164544075640167858563895696099023804147971462638438393872337495828483845736936107843102041023967436261087084386560477829986832658586697847837843900996538276049406529008376532111064384647445502993369101777665920435747292737130295061900727362587483878276616034439699027657354008504747956067569688175582070658280706944143535547438708203235429591280106383122858386501157059544189057552742460131435020318600997480506987964637681662069230919875795517638321044022960280427035078164480000000000000000000000000000000000000000000000000000000000000000000000000000000000000000000000000000000000000000000000000000000000000000000000000000000000000000000000000000000000000000000000000000000000000000000000000000000000000000000000000000000000000000000000000000000000000000000000000000000000000000000000000000000000000000000000000000000000000000000000000000000000000002\n2\n3\n', 'Filename: p02938.py Actual: 3\n Generated: ', 'Filename: p02930.py Actual: 1 2\n1\n Generated: 1 1\n2\n', 'Filename: p04026.py Actual: 2 5\n Generated: 2 3\n', 'Filename: p03421.py Actual: 2 4 1 5 3\n Generated: 3 4 5 1 2\n', 'Filename: p00094.py Actual: 113.437508\n Generated: 113.4375042539064\n', 'Filename: p02997.py Actual: 5\n4 3\n1 2\n3 1\n4 5\n2 3\n Generated: 7\n1 2\n1 3\n1 4\n1 5\n2 3\n2 4\n2 5\n', 'Filename: p03897.py Actual: 1\n1 0\n Generated: 2\n0 1\n1 0\n', 'Filename: p02254.py Actual: 6\n Generated: ', 'Filename: p03896.py Actual: 2 3 4 5 6 7\n5 3 1 6 4 7\n2 7 4 1 5 6\n2 1 7 5 3 6\n1 4 3 7 6 2\n2 5 7 3 4 1\n2 6 1 4 5 3\n Generated: 7 2 3 4 5 6\n1 7 3 4 5 6\n1 2 7 4 5 6\n1 2 3 7 5 6\n1 2 3 4 7 6\n1 2 3 4 5 7\n2 3 4 5 6 1\n', 'Filename: p03228.py Actual: 5 3\n Generated: 5\n3\n', 'Filename: p03429.py Actual: YES\n<><>\n^<>^\nv<>v\n Generated: YES\n<><>\n<>^^\n<>vv\n', 'Filename: p03952.py Actual: Yes\n1\n6\n3\n7\n4\n5\n2\n Generated: Yes\n3\n5\n1\n4\n7\n2\n6\n', 'Filename: p03248.py Actual: -1\n Generated: ', 'Filename: p02430.py Actual: 7: 0 1 2\n11: 0 1 3\n13: 0 2 3\n14: 1 2 3\n19: 0 1 4\n21: 0 2 4\n22: 1 2 4\n25: 0 3 4\n26: 1 3 4\n28: 2 3 4\n Generated: 7: 0 1 2\n11: 0 1 3\n19: 0 1 4\n13: 0 2 3\n21: 0 2 4\n25: 0 3 4\n14: 1 2 3\n22: 1 2 4\n26: 1 3 4\n28: 2 3 4\n', 'Filename: p00379.py Actual: 3\n Generated: 2\n', 'Filename: p02825.py Actual: aabb..\nb..zz.\nba....\n.a..aa\n..a..b\n..a..b\n Generated: aacd..\nbbcd..\n..aacd\n..bbcd\ncd..aa\ncd..bb\n', 'Filename: p03090.py Actual: 2\n1 3\n2 3\n Generated: 2\n3 1\n3 2\n', 'Filename: p01721.py Actual: 1\n Generated: 0\n', 'Filename: p03352.py Actual: 9\n Generated: Enter a number: 9\n', 'Filename: p01641.py Actual: ++++++++[>++++++++<-]>+.+.+.\n Generated: >>>+++++++++++++++++++++++++++++++++++++++++++++++++++++++++++++++++.+.+.\n', 'Filename: p03329.py Actual: 4\n Generated: ', 'Filename: p03097.py Actual: YES\n1 0 2 3\n Generated: ', 'Filename: p02826.py Actual: 3\n Generated: ', 'Filename: p03884.py Actual: FESSSSSSSTIVAL\n Generated: FESTIVALLLLLLLFESTIVAFESTIVAFESTIVAFESTIVAFESTIVAFESTIVAFESTIVAFESTIVAFESTIVAFESTIVAFESTIVAFESTIVAFESTIVAFESTIVAFESTIVAFESTIVAFESTIVAFESTIVAFESTIVAFESTIVAFESTIVAFESTIVAFESTIVAFESTIVAFESTIVAFESTIVAFESTIVAFESTIVAFESTIVAFESTIVAFESTIVAFESTIVAFESTIVAFESTIVAFESTIVAFESTIVAFESTIVAFESTIVAFESTIVAFESTIVAFESTIVAFESTIVAFESTIVAFESTIVAFESTIVAFESTIVAFESTIVAFESTIVAFESTIVAFESTIVAFESTIVAFESTIVAFESTIVAFESTIVAFESTIVAFESTIVAFESTIVAFESTIVAFESTIVAFESTIVAFESTIVAFESTIVAFESTIVAFESTIVAFESTIVAFESTIVAFESTIVAFESTIVAFESTIVAFESTIVAFESTIVAFESTIVAFESTIVAFESTIVAFESTIVAFESTIVAFESTIVAFESTIVAFESTIVAFESTIVAFESTIVAFESTIVAFESTIVAFESTIVAFESTIVAFESTIVAFESTIVAFESTIVAFESTIVAFESTIVAFESTIVAFESTIVAFESTIVAFESTIVAFESTIVAFESTIVAFESTIVAFESTIVAFESTIVAFESTIVAFESTIVAFESTIVAFESTIVAFESTIVAFESTIVAFESTIVAFESTIVAFESTIVAFESTIVAFESTIVAFESTIVAFESTIVAFESTIVAFESTIVAFESTIVAFESTIVAFESTIVAFESTIVAFESTIVAFESTIVAFESTIVAFESTIVAFESTIVAFESTIVAFESTIVAFESTIVAFESTIVAFESTIVAFESTIVAFESTIVAFESTIVAFESTIVAFESTIVAFESTIVAFESTIVAFESTIVAFESTIVAFESTIVAFESTIVAFESTIVAFESTIVAFESTIVAFESTIVAFESTIVAFESTIVAFESTIVAFESTIVAFESTIVAFESTIVAFESTIVAFESTIVAFESTIVAFESTIVAFESTIVAFESTIVAFESTIVAFESTIVAFESTIVAFESTIVAFESTIVAFESTIVAFESTIVAFESTIVAFESTIVAFESTIVAFESTIVAFESTIVAFESTIVAFESTIVAFESTIVAFESTIVAFESTIVAFESTIVAFESTIVAFESTIVAFESTIVAFESTIVAFESTIVAFESTIVAFESTIVAFESTIVAFESTIVAFESTIVAFESTIVAFESTIVAFESTIVAFESTIVAFESTIVAFESTIVAFESTIVAFESTIVAFESTIVAFESTIVAFESTIVAFESTIVAFESTIVAFESTIVAFESTIVAFESTIVAFESTIVAFESTIVAFESTIVAFESTIVAFESTIVAFESTIVAFESTIVAFESTIVAFESTIVAFESTIVAFESTIVAFESTIVAFESTIVAFESTIVAFESTIVAFESTIVAFESTIVAFESTIVAFESTIVAFESTIVAFESTIVAFESTIVAFESTIVAFESTIVAFESTIVAFESTIVAFESTIVAFESTIVAFESTIVAFESTIVAFESTIVAFESTIVAFESTIVAFESTIVAFESTIVAFESTIVAFESTIVAFESTIVAFESTIVAFESTIVAFESTIVAFESTIVAFESTIVAFESTIVAFESTIVAFESTIVAFESTIVAFESTIVAFESTIVAFESTIVAFESTIVAFESTIVAFESTIVAFESTIVAFESTIVAFESTIVAFESTIVAFESTIVAFESTIVAFESTIVAFESTIVAFESTIVAFESTIVAFESTIVAFESTIVAFESTIVAFESTIVAFESTIVAFESTIVAFESTIVAFESTIVAFESTIVAFESTIVAFESTIVAFESTIVAFESTIVAFESTIVAFESTIVAFESTIVAFESTIVAFESTIVAFESTIVAFESTIVAFESTIVAFESTIVAFESTIVAFESTIVAFESTIVAFESTIVAFESTIVAFESTIVAFESTIVAFESTIVAFESTIVAFESTIVAFESTIVAFESTIVAFESTIVAFESTIVAFESTIVAFESTIVAFESTIVAFESTIVAFESTIVAFESTIVAFESTIVAFESTIVAFESTIVAFESTIVAFESTIVAFESTIVAFESTIVAFESTIVAFESTIVAFESTIVAFESTIVAFESTIVAFESTIVAFESTIVAFESTIVAFESTIVAFESTIVAFESTIVAFESTIVAFESTIVAFESTIVAFESTIVAFESTIVAFESTIVAFESTIVAFESTIVAFESTIVAFESTIVAFESTIVAFESTIVAFESTIVAFESTIVAFESTIVAFESTIVAFESTIVAFESTIVAFESTIVAFESTIVAFESTIVAFESTIVAFESTIVAFESTIVAFESTIVAFESTIVAFESTIVAFESTIVAFESTIVAFESTIVAFESTIVAFESTIVAFESTIVAFESTIVAFESTIVAFESTIVAFESTIVAFESTIVAFESTIVAFESTIVAFESTIVAFESTIVAFESTIVAFESTIVAFESTIVAFESTIVAFESTIVAFESTIVAFESTIVAFESTIVAFESTIVAFESTIVAFESTIVAFESTIVAFESTIVAFESTIVAFESTIVAFESTIVAFESTIVAFESTIVAFESTIVAFESTIVAFESTIVAFESTIVAFESTIVAFESTIVAFESTIVAFESTIVAFESTIVAFESTIVAFESTIVAFESTIVAFESTIVAFESTIVAFESTIVAFESTIVAFESTIVAFESTIVAFESTIVAFESTIVAFESTIVAFESTIVAFESTIVAFESTIVAFESTIVAFESTIVAFESTIVAFESTIVAFESTIVAFESTIVAFESTIVAFESTIVAFESTIVAFESTIVAFESTIVAFESTIVAFESTIVAFESTIVAFESTIVAFESTIVAFESTIVAFESTIVAFESTIVAFESTIVAFESTIVAFESTIVAFESTIVAFESTIVAFESTIVAFESTIVAFESTIVAFESTIVAFESTIVAFESTIVAFESTIVAFESTIVAFESTIVAFESTIVAFESTIVAFESTIVAFESTIVAFESTIVAFESTIVAFESTIVAFESTIVAFESTIVAFESTIVAFESTIVAFESTIVAFESTIVAFESTIVAFESTIVAFESTIVAFESTIVAFESTIVAFESTIVAFESTIVAFESTIVAFESTIVAFESTIVAFESTIVAFESTIVAFESTIVAFESTIVAFESTIVAFESTIVAFESTIVAFESTIVAFESTIVAFESTIVAFESTIVAFESTIVAFESTIVAFESTIVAFESTIVAFESTIVAFESTIVAFESTIVAFESTIVAFESTIVAFESTIVAFESTIVAFESTIVAFESTIVAFESTIVAFESTIVAFESTIVAFESTIVAFESTIVAFESTIVAFESTIVAFESTIVAFESTIVAFESTIVAFESTIVAFESTIVAFESTIVAFESTIVAFESTIVAFESTIVAFESTIVAFESTIVAFESTIVAFESTIVAFESTIVAFESTIVAFESTIVAFESTIVAFESTIVAFESTIVAFESTIVAFESTIVAFESTIVAFESTIVAFESTIVAFESTIVAFESTIVAFESTIVAFESTIVAFESTIVAFESTIVAFESTIVAFESTIVAFESTIVAFESTIVAFESTIVAFESTIVAFESTIVAFESTIVAFESTIVAFESTIVAFESTIVAFESTIVAFESTIVAFESTIVAFESTIVAFESTIVAFESTIVAFESTIVAFESTIVAFESTIVAFESTIVAFESTIVAFESTIVAFESTIVAFESTIVAFESTIVAFESTIVAFESTIVAFESTIVAFESTIVAFESTIVAFESTIVAFESTIVAFESTIVAFESTIVAFESTIVAFESTIVAFESTIVAFESTIVAFESTIVAFESTIVAFESTIVAFESTIVAFESTIVAFESTIVAFESTIVAFESTIVAFESTIVAFESTIVAFESTIVAFESTIVAFESTIVAFESTIVAFESTIVAFESTIVAFESTIVAFESTIVAFESTIVAFESTIVAFESTIVAFESTIVAFESTIVAFESTIVAFESTIVAFESTIVAFESTIVAFESTIVAFESTIVAFESTIVAFESTIVAFESTIVAFESTIVAFESTIVAFESTIVAFESTIVAFESTIVA\n', 'Filename: p02690.py Actual: 2 -1\n Generated: 1 -2\n', 'Filename: p01356.py Actual: 1\n Generated: ', 'Filename: p03145.py Actual: 6\n Generated: ', 'Filename: p02668.py Actual: 352\n Generated: 512\n', 'Filename: p02965.py Actual: 3\n Generated: 274942494\n', 'Filename: p02062.py Actual: 3 2\n Generated: Enter the boolean expression: 3 2\n', 'Filename: p04032.py Actual: 2 5\n Generated: 2 3\n', 'Filename: p03427.py Actual: 18\n Generated: ', 'Filename: p03648.py Actual: 4\n3 3 3 3\n Generated: 50\n0 1 2 3 4 5 6 7 8 9 10 11 12 13 14 15 16 17 18 19 20 21 22 23 24 25 26 27 28 29 30 31 32 33 34 35 36 37 38 39 40 41 42 43 44 45 46 47 48 49\n', 'Filename: p03402.py Actual: 3 3\n##.\n..#\n#.#\n Generated: 100 100\n.#################################################.#.#..............................................\n##################################################..................................................\n##################################################..................................................\n##################################################..................................................\n##################################################..................................................\n##################################################..................................................\n##################################################..................................................\n##################################################..................................................\n##################################################..................................................\n##################################################..................................................\n##################################################..................................................\n##################################################..................................................\n##################################################..................................................\n##################################################..................................................\n##################################################..................................................\n##################################################..................................................\n##################################################..................................................\n##################################################..................................................\n##################################################..................................................\n##################################################..................................................\n##################################################..................................................\n##################################################..................................................\n##################################################..................................................\n##################################################..................................................\n##################################################..................................................\n##################################################..................................................\n##################################################..................................................\n##################################################..................................................\n##################################################..................................................\n##################################################..................................................\n##################################################..................................................\n##################################################..................................................\n##################################################..................................................\n##################################################..................................................\n##################################################..................................................\n##################################################..................................................\n##################################################..................................................\n##################################################..................................................\n##################################################..................................................\n##################################################..................................................\n##################################################..................................................\n##################################################..................................................\n##################################################..................................................\n##################################################..................................................\n##################################################..................................................\n##################################################..................................................\n##################################################..................................................\n##################################################..................................................\n##################################################..................................................\n##################################################..................................................\n##################################################..................................................\n##################################################..................................................\n##################################################..................................................\n##################################################..................................................\n##################################################..................................................\n##################################################..................................................\n##################################################..................................................\n##################################################..................................................\n##################################################..................................................\n##################################################..................................................\n##################################################..................................................\n##################################################..................................................\n##################################################..................................................\n##################################################..................................................\n##################################################..................................................\n##################################################..................................................\n##################################################..................................................\n##################################################..................................................\n##################################################..................................................\n##################################################..................................................\n##################################################..................................................\n##################################################..................................................\n##################################################..................................................\n##################################################..................................................\n##################################################..................................................\n##################################################..................................................\n##################################################..................................................\n##################################################..................................................\n##################################################..................................................\n##################################################..................................................\n##################################################..................................................\n##################################################..................................................\n##################################################..................................................\n##################################################..................................................\n##################################################..................................................\n##################################################..................................................\n##################################################..................................................\n##################################################..................................................\n##################################################..................................................\n##################################################..................................................\n##################################################..................................................\n##################################################..................................................\n##################################################..................................................\n##################################################..................................................\n##################################################..................................................\n##################################################..................................................\n##################################################..................................................\n##################################################..................................................\n##################################################..................................................\n##################################################..................................................\n', 'Filename: p00312.py Actual: 2\n Generated: ', 'Filename: p00979.py Actual: 5\n Generated: ', 'Filename: p04018.py Actual: 1\n1\n Generated: 1 1\n', 'Filename: p02797.py Actual: 1 2 3 4\n Generated: 3 3 4 4 ', 'Filename: p03923.py Actual: 7\n Generated: 6\n', 'Filename: p01853.py Actual: 0 0 100\n Generated: ', 'Filename: p02659.py Actual: 217\n Generated: 217.0\n', 'Filename: p02939.py Actual: 4\n Generated: 5\n', 'Filename: p02650.py Actual: 12\n Generated: ', 'Filename: p00007.py Actual: 130000\n Generated: 130000.0\n', 'Filename: p03362.py Actual: 3 5 7 11 31\n Generated: 11 31 41 61 71 ', 'Filename: p02932.py Actual: 105\n Generated: ', 'Filename: p03594.py Actual: RY\nGR\n Generated: YB\nGR\n', 'Filename: p03269.py Actual: 8 10\n1 2 0\n2 3 0\n3 4 0\n1 5 0\n2 6 0\n3 7 0\n4 8 0\n5 6 1\n6 7 1\n7 8 1\n Generated: 20 21\n1 2 0\n2 3 0\n3 4 0\n4 5 0\n5 6 0\n6 7 0\n7 8 0\n8 9 0\n9 10 0\n10 11 0\n11 12 0\n12 13 0\n13 14 0\n14 15 0\n15 16 0\n16 17 0\n17 18 0\n18 19 0\n19 20 0\n1 2 1\n2 3 2\n'] 
=================================================================================================
Runtime Error Files: ['p01639.py', 'p00404.py', 'p03016.py', 'p03929.py', 'p01998.py', 'p03704.py', 'p03432.py', 'p02541.py', 'p02817.py', 'p02664.py', 'p03777.py', 'p03729.py', 'p02754.py', 'p01640.py', 'p00900.py', 'p02990.py', 'p03548.py', 'p03832.py', 'p02450.py', 'p02553.py', 'p02865.py', 'p03270.py', 'p02198.py', 'p03742.py', 'p02663.py', 'p02652.py', 'p01637.py', 'p02100.py'] 
Runtime Error Details: ['Filename: p03777.py Error_type: Traceback (most recent call last):\n  File "/home/ali/Documents/CodeMind/translation_output/w_test/gpt-4/codenet/java/python-sanitized/p03777.py", line 3, in <module>\n    b = input().strip()\nEOFError: EOF when reading a line\n', 'Filename: p02541.py Error_type: Traceback (most recent call last):\n  File "/home/ali/Documents/CodeMind/translation_output/w_test/gpt-4/codenet/java/python-sanitized/p02541.py", line 124, in <module>\n    print(solve(n))\n  File "/home/ali/Documents/CodeMind/translation_output/w_test/gpt-4/codenet/java/python-sanitized/p02541.py", line 10, in solve\n    primes = sieve_eratosthenes(100000000)\n  File "/home/ali/Documents/CodeMind/translation_output/w_test/gpt-4/codenet/java/python-sanitized/p02541.py", line 71, in sieve_eratosthenes\n    for j in ~isnp[i]&0xffffffff:\nTypeError: \'int\' object is not iterable\n', 'Filename: p03742.py Error_type: Traceback (most recent call last):\n  File "/home/ali/Documents/CodeMind/translation_output/w_test/gpt-4/codenet/java/python-sanitized/p03742.py", line 75, in <module>\n    p03742.main()\n  File "/home/ali/Documents/CodeMind/translation_output/w_test/gpt-4/codenet/java/python-sanitized/p03742.py", line 69, in main\n    program.solve()\n  File "/home/ali/Documents/CodeMind/translation_output/w_test/gpt-4/codenet/java/python-sanitized/p03742.py", line 61, in solve\n    X = self.in_.next_long()\n  File "/home/ali/Documents/CodeMind/translation_output/w_test/gpt-4/codenet/java/python-sanitized/p03742.py", line 13, in next_long\n    return int(next(self.iterator, None))\nTypeError: int() argument must be a string, a bytes-like object or a real number, not \'NoneType\'\n', 'Filename: p02664.py Error_type: Traceback (most recent call last):\n  File "/home/ali/Documents/CodeMind/translation_output/w_test/gpt-4/codenet/java/python-sanitized/p02664.py", line 15, in <module>\n    assert p02664(input_str) == expected_output\nAssertionError\n', 'Filename: p03929.py Error_type: Traceback (most recent call last):\n  File "/home/ali/Documents/CodeMind/translation_output/w_test/gpt-4/codenet/java/python-sanitized/p03929.py", line 32, in <module>\n    solve()\n  File "/home/ali/Documents/CodeMind/translation_output/w_test/gpt-4/codenet/java/python-sanitized/p03929.py", line 2, in solve\n    one = list(map(int, input().split()))\nUnboundLocalError: local variable \'map\' referenced before assignment\n', 'Filename: p01639.py Error_type: Traceback (most recent call last):\n  File "/home/ali/Documents/CodeMind/translation_output/w_test/gpt-4/codenet/java/python-sanitized/p01639.py", line 55, in <module>\n    program = p01639()\n  File "/home/ali/Documents/CodeMind/translation_output/w_test/gpt-4/codenet/java/python-sanitized/p01639.py", line 5, in __init__\n    self.n, self.k, self.x0 = map(int, input().split())\nValueError: invalid literal for int() with base 10: \'n\'\n', 'Filename: p02100.py Error_type: ValueError: Error from parse_expr with transformed code: "Symbol (\'x\' )**Integer (2 )+Integer (3 )Symbol (\'x\' )+Integer (2 )"\n\nThe above exception was the direct cause of the following exception:\n\nTraceback (most recent call last):\n  File "/home/ali/.local/lib/python3.10/site-packages/sympy/core/sympify.py", line 496, in sympify\n    expr = parse_expr(a, local_dict=locals, transformations=transformations, evaluate=evaluate)\n  File "/home/ali/.local/lib/python3.10/site-packages/sympy/parsing/sympy_parser.py", line 1101, in parse_expr\n    raise e from ValueError(f"Error from parse_expr with transformed code: {code!r}")\n  File "/home/ali/.local/lib/python3.10/site-packages/sympy/parsing/sympy_parser.py", line 1092, in parse_expr\n    rv = eval_expr(code, local_dict, global_dict)\n  File "/home/ali/.local/lib/python3.10/site-packages/sympy/parsing/sympy_parser.py", line 907, in eval_expr\n    expr = eval(\n  File "<string>", line 1\n    Symbol (\'x\' )**Integer (2 )+Integer (3 )Symbol (\'x\' )+Integer (2 )\n                                            ^^^^^^\nSyntaxError: invalid syntax\n\nDuring handling of the above exception, another exception occurred:\n\nTraceback (most recent call last):\n  File "/home/ali/Documents/CodeMind/translation_output/w_test/gpt-4/codenet/java/python-sanitized/p02100.py", line 22, in <module>\n    output = parse_equation(input_equation)\n  File "/home/ali/Documents/CodeMind/translation_output/w_test/gpt-4/codenet/java/python-sanitized/p02100.py", line 8, in parse_equation\n    roots = solve(expr, x)\n  File "/home/ali/.local/lib/python3.10/site-packages/sympy/solvers/solvers.py", line 866, in solve\n    f, symbols = (_sympified_list(w) for w in [f, symbols])\n  File "/home/ali/.local/lib/python3.10/site-packages/sympy/solvers/solvers.py", line 866, in <genexpr>\n    f, symbols = (_sympified_list(w) for w in [f, symbols])\n  File "/home/ali/.local/lib/python3.10/site-packages/sympy/solvers/solvers.py", line 846, in _sympified_list\n    return list(map(sympify, w if iterable(w) else [w]))\n  File "/home/ali/.local/lib/python3.10/site-packages/sympy/core/sympify.py", line 498, in sympify\n    raise SympifyError(\'could not parse %r\' % a, exc)\nsympy.core.sympify.SympifyError: Sympify of expression \'could not parse \'x**2+3x+2\'\' failed, because of exception being raised:\nSyntaxError: invalid syntax (<string>, line 1)\n', 'Filename: p00900.py Error_type: Traceback (most recent call last):\n  File "/home/ali/Documents/CodeMind/translation_output/w_test/gpt-4/codenet/java/python-sanitized/p00900.py", line 100, in <module>\n    main()\n  File "/home/ali/Documents/CodeMind/translation_output/w_test/gpt-4/codenet/java/python-sanitized/p00900.py", line 76, in main\n    line = input()\nEOFError: EOF when reading a line\n', 'Filename: p02865.py Error_type: Traceback (most recent call last):\n  File "/home/ali/Documents/CodeMind/translation_output/w_test/gpt-4/codenet/java/python-sanitized/p02865.py", line 59, in <module>\n    with Reader(sys.stdin) as r:\nAttributeError: __enter__\n', 'Filename: p03016.py Error_type: Traceback (most recent call last):\n  File "/home/ali/Documents/CodeMind/translation_output/w_test/gpt-4/codenet/java/python-sanitized/p03016.py", line 54, in <module>\n    main()\n  File "/home/ali/Documents/CodeMind/translation_output/w_test/gpt-4/codenet/java/python-sanitized/p03016.py", line 46, in main\n    res = mult_vec_mat(res, modpow(m, r - l + 1, M), M)\n  File "/home/ali/Documents/CodeMind/translation_output/w_test/gpt-4/codenet/java/python-sanitized/p03016.py", line 8, in modpow\n    return mult(m1, m1, M)\nNameError: name \'mult\' is not defined\n', 'Filename: p02652.py Error_type: Traceback (most recent call last):\n  File "/home/ali/Documents/CodeMind/translation_output/w_test/gpt-4/codenet/java/python-sanitized/p02652.py", line 74, in <module>\n    print(solve(input_string))\n  File "/home/ali/Documents/CodeMind/translation_output/w_test/gpt-4/codenet/java/python-sanitized/p02652.py", line 58, in solve\n    sst.update(O + 1, sst.H, 99999999)\n  File "/home/ali/Documents/CodeMind/translation_output/w_test/gpt-4/codenet/java/python-sanitized/p02652.py", line 35, in update\n    self.st[r] = min(self.st[r << 1], self.st[r << 1 | 1]) + self.lazy[r]\nIndexError: list index out of range\n', 'Filename: p02990.py Error_type: Traceback (most recent call last):\n  File "/home/ali/Documents/CodeMind/translation_output/w_test/gpt-4/codenet/java/python-sanitized/p02990.py", line 63, in <module>\n    solve()\n  File "/home/ali/Documents/CodeMind/translation_output/w_test/gpt-4/codenet/java/python-sanitized/p02990.py", line 9, in solve\n    re = mod_fact(m, n - k + 1, n - k - i + 1)\n  File "/home/ali/Documents/CodeMind/translation_output/w_test/gpt-4/codenet/java/python-sanitized/p02990.py", line 17, in mod_fact\n    m[\'n\'] = n\nTypeError: \'Mod\' object does not support item assignment\n', 'Filename: p01637.py Error_type: Traceback (most recent call last):\n  File "/home/ali/Documents/CodeMind/translation_output/w_test/gpt-4/codenet/java/python-sanitized/p01637.py", line 32, in <module>\n    p01637 = P01637()\n  File "/home/ali/Documents/CodeMind/translation_output/w_test/gpt-4/codenet/java/python-sanitized/p01637.py", line 5, in __init__\n    self.M = int(input())\nValueError: invalid literal for int() with base 10: \'M r\'\n', 'Filename: p03432.py Error_type: Traceback (most recent call last):\n  File "/home/ali/Documents/CodeMind/translation_output/w_test/gpt-4/codenet/java/python-sanitized/p03432.py", line 43, in <module>\n    print(solve(m, n))\n  File "/home/ali/Documents/CodeMind/translation_output/w_test/gpt-4/codenet/java/python-sanitized/p03432.py", line 30, in solve\n    s = prod[m + i]\nIndexError: index 4 is out of bounds for axis 0 with size 4\n', 'Filename: p00404.py Error_type: Traceback (most recent call last):\n  File "/home/ali/Documents/CodeMind/translation_output/w_test/gpt-4/codenet/java/python-sanitized/p00404.py", line 31, in <module>\n    p00404().solve()\n  File "/home/ali/Documents/CodeMind/translation_output/w_test/gpt-4/codenet/java/python-sanitized/p00404.py", line 28, in solve\n    print(self.search(x, y))\n  File "/home/ali/Documents/CodeMind/translation_output/w_test/gpt-4/codenet/java/python-sanitized/p00404.py", line 12, in search\n    return p % 3 + 1\nUnboundLocalError: local variable \'p\' referenced before assignment\n', 'Filename: p01998.py Error_type: Traceback (most recent call last):\n  File "/home/ali/Documents/CodeMind/translation_output/w_test/gpt-4/codenet/java/python-sanitized/p01998.py", line 15, in <module>\n    main()\n  File "/home/ali/Documents/CodeMind/translation_output/w_test/gpt-4/codenet/java/python-sanitized/p01998.py", line 9, in main\n    arr[i * j] = True\nIndexError: list assignment index out of range\n', 'Filename: p03704.py Error_type: Traceback (most recent call last):\n  File "/home/ali/Documents/CodeMind/translation_output/w_test/gpt-4/codenet/java/python-sanitized/p03704.py", line 39, in <module>\n    sys.stdin = io.StringIO(INPUT)\nNameError: name \'io\' is not defined. Did you mean: \'id\'?\n', 'Filename: p02817.py Error_type: Traceback (most recent call last):\n  File "/home/ali/Documents/CodeMind/translation_output/w_test/gpt-4/codenet/java/python-sanitized/p02817.py", line 3, in <module>\n    t_string = input()\nEOFError: EOF when reading a line\n', 'Filename: p03832.py Error_type: Traceback (most recent call last):\n  File "/home/ali/Documents/CodeMind/translation_output/w_test/gpt-4/codenet/java/python-sanitized/p03832.py", line 36, in <module>\n    print(solve(N, A, B, C, D))\n  File "/home/ali/Documents/CodeMind/translation_output/w_test/gpt-4/codenet/java/python-sanitized/p03832.py", line 9, in solve\n    setMod()\nNameError: name \'setMod\' is not defined\n', 'Filename: p02450.py Error_type: Traceback (most recent call last):\n  File "/home/ali/Documents/CodeMind/translation_output/w_test/gpt-4/codenet/java/python-sanitized/p02450.py", line 25, in <module>\n    main()\n  File "/home/ali/Documents/CodeMind/translation_output/w_test/gpt-4/codenet/java/python-sanitized/p02450.py", line 20, in main\n    str += str(i)\nTypeError: \'str\' object is not callable\n', 'Filename: p02663.py Error_type: Traceback (most recent call last):\n  File "/home/ali/Documents/CodeMind/translation_output/w_test/gpt-4/codenet/java/python-sanitized/p02663.py", line 16, in <module>\n    main()\n  File "/home/ali/Documents/CodeMind/translation_output/w_test/gpt-4/codenet/java/python-sanitized/p02663.py", line 5, in main\n    h1 = next_int()\n  File "/home/ali/Documents/CodeMind/translation_output/w_test/gpt-4/codenet/java/python-sanitized/p02663.py", line 2, in next_int\n    return int(input())\nValueError: invalid literal for int() with base 10: \'10 0 15 0 30\'\n', 'Filename: p02754.py Error_type: Traceback (most recent call last):\n  File "/home/ali/Documents/CodeMind/translation_output/w_test/gpt-4/codenet/java/python-sanitized/p02754.py", line 11, in next\n    raise StopIteration\nStopIteration\n\nThe above exception was the direct cause of the following exception:\n\nTraceback (most recent call last):\n  File "/home/ali/Documents/CodeMind/translation_output/w_test/gpt-4/codenet/java/python-sanitized/p02754.py", line 25, in <module>\n    main()\n  File "/home/ali/Documents/CodeMind/translation_output/w_test/gpt-4/codenet/java/python-sanitized/p02754.py", line 18, in main\n    a = int(next(sc.next()))\nRuntimeError: generator raised StopIteration\n', 'Filename: p03270.py Error_type: Traceback (most recent call last):\n  File "/home/ali/Documents/CodeMind/translation_output/w_test/gpt-4/codenet/java/python-sanitized/p03270.py", line 77, in <module>\n    solve(k, n)\n  File "/home/ali/Documents/CodeMind/translation_output/w_test/gpt-4/codenet/java/python-sanitized/p03270.py", line 53, in solve\n    ans = add(ans, calc(i, n, k))\n  File "/home/ali/Documents/CodeMind/translation_output/w_test/gpt-4/codenet/java/python-sanitized/p03270.py", line 61, in calc\n    for j in range(1, i - j):\nUnboundLocalError: local variable \'j\' referenced before assignment\n', 'Filename: p02198.py Error_type: Traceback (most recent call last):\n  File "/home/ali/Documents/CodeMind/translation_output/w_test/gpt-4/codenet/java/python-sanitized/p02198.py", line 18, in <module>\n    main()\n  File "/home/ali/Documents/CodeMind/translation_output/w_test/gpt-4/codenet/java/python-sanitized/p02198.py", line 14, in main\n    instance = P02198()\n  File "/home/ali/Documents/CodeMind/translation_output/w_test/gpt-4/codenet/java/python-sanitized/p02198.py", line 11, in __init__\n    self.log = open(os.devnull, \'w\')\nNameError: name \'os\' is not defined\n', 'Filename: p02553.py Error_type: Traceback (most recent call last):\n  File "/home/ali/Documents/CodeMind/translation_output/w_test/gpt-4/codenet/java/python-sanitized/p02553.py", line 47, in <module>\n    solve_abc178_b()\n  File "/home/ali/Documents/CodeMind/translation_output/w_test/gpt-4/codenet/java/python-sanitized/p02553.py", line 38, in solve_abc178_b\n    a = sc.next_long()\n  File "/home/ali/Documents/CodeMind/translation_output/w_test/gpt-4/codenet/java/python-sanitized/p02553.py", line 30, in next_long\n    return int(self.next())\nValueError: invalid literal for int() with base 10: \'\'\n', 'Filename: p03548.py Error_type: Traceback (most recent call last):\n  File "/home/ali/Documents/CodeMind/translation_output/w_test/gpt-4/codenet/java/python-sanitized/p03548.py", line 35, in <module>\n    solver.solve()\n  File "/home/ali/Documents/CodeMind/translation_output/w_test/gpt-4/codenet/java/python-sanitized/p03548.py", line 24, in solve\n    x = self.sc.next_int()\n  File "/home/ali/Documents/CodeMind/translation_output/w_test/gpt-4/codenet/java/python-sanitized/p03548.py", line 13, in next_int\n    return int(self.next())\nValueError: invalid literal for int() with base 10: \'13 3 1\'\n', 'Filename: p03729.py Error_type: Traceback (most recent call last):\n  File "/home/ali/Documents/CodeMind/translation_output/w_test/gpt-4/codenet/java/python-sanitized/p03729.py", line 3, in <module>\n    b = input()\nEOFError: EOF when reading a line\n', 'Filename: p01640.py Error_type: Traceback (most recent call last):\n  File "/home/ali/Documents/CodeMind/translation_output/w_test/gpt-4/codenet/java/python-sanitized/p01640.py", line 88, in <module>\n    main()\n  File "/home/ali/Documents/CodeMind/translation_output/w_test/gpt-4/codenet/java/python-sanitized/p01640.py", line 84, in main\n    game = P01640()\n  File "/home/ali/Documents/CodeMind/translation_output/w_test/gpt-4/codenet/java/python-sanitized/p01640.py", line 5, in __init__\n    self.w, self.h, self.gx, self.gy = map(lambda x: int(x) - 1, input().split())\n  File "/home/ali/Documents/CodeMind/translation_output/w_test/gpt-4/codenet/java/python-sanitized/p01640.py", line 5, in <lambda>\n    self.w, self.h, self.gx, self.gy = map(lambda x: int(x) - 1, input().split())\nValueError: invalid literal for int() with base 10: \'w\'\n'] 
=================================================================================================
Compilation Error Files: ['p01792.py', 'p03913.py', 'p02273.py', 'p01741.py', 'p01078.py', 'p01593.py', 'p01904.py', 'p03523.py', 'p03766.py', 'p04029.py', 'p02842.py', 'p02570.py'] 
=================================================================================================
Infinite Loop Files: ['p02624.py', 'p03454.py', 'p03778.py'] 
=================================================================================================
